<?xml version="1.0" encoding="UTF-8"?>
<testsuite xmlns:xsi="http://www.w3.org/2001/XMLSchema-instance" xsi:noNamespaceSchemaLocation="https://maven.apache.org/surefire/maven-surefire-plugin/xsd/surefire-test-report-3.0.xsd" version="3.0" name="util.ValidadorUtilTest" time="0.109" tests="45" errors="0" skipped="0" failures="0">
  <properties>
[...]
</properties>
  <testcase name="validarTextoNoVacio_DebeAceptarTextosValidos(String)[1]" classname="util.ValidadorUtilTest" time="0.004"/>
  <testcase name="validarTextoNoVacio_DebeAceptarTextosValidos(String)[2]" classname="util.ValidadorUtilTest" time="0.001"/>
  <testcase name="validarTextoNoVacio_DebeAceptarTextosValidos(String)[3]" classname="util.ValidadorUtilTest" time="0"/>
  <testcase name="validarTextoNoVacio_DebeAceptarTextosValidos(String)[4]" classname="util.ValidadorUtilTest" time="0"/>
  <testcase name="validarTextoNoVacio_DebeAceptarTextosValidos(String)[5]" classname="util.ValidadorUtilTest" time="0"/>
  <testcase name="validarNumeroPositivo_DebeAceptarNumerosPositivos(int)[1]" classname="util.ValidadorUtilTest" time="0.002"/>
  <testcase name="validarNumeroPositivo_DebeAceptarNumerosPositivos(int)[2]" classname="util.ValidadorUtilTest" time="0.001"/>
  <testcase name="validarNumeroPositivo_DebeAceptarNumerosPositivos(int)[3]" classname="util.ValidadorUtilTest" time="0.001"/>
  <testcase name="validarNumeroPositivo_DebeAceptarNumerosPositivos(int)[4]" classname="util.ValidadorUtilTest" time="0"/>
  <testcase name="validarNumeroPositivo_DebeAceptarNumerosPositivos(int)[5]" classname="util.ValidadorUtilTest" time="0"/>
  <testcase name="validarFechaNoFutura_DebeAceptarFechaNula" classname="util.ValidadorUtilTest" time="0"/>
  <testcase name="validarFechaNoFutura_DebeAceptarFechaPresente" classname="util.ValidadorUtilTest" time="0"/>
  <testcase name="validarRangoPaginas_DebeValidarRangoCorrectamente" classname="util.ValidadorUtilTest" time="0"/>
  <testcase name="validarISBN_DebeAceptarISBNsValidos(String)[1]" classname="util.ValidadorUtilTest" time="0.002"/>
  <testcase name="validarISBN_DebeAceptarISBNsValidos(String)[2]" classname="util.ValidadorUtilTest" time="0.001"/>
  <testcase name="validarFechaNoFutura_DebeRechazarFechaFutura" classname="util.ValidadorUtilTest" time="0.001"/>
  <testcase name="validarISBN_DebeRechazarISBNsInvalidos(String)[1]" classname="util.ValidadorUtilTest" time="0.001"/>
  <testcase name="validarISBN_DebeRechazarISBNsInvalidos(String)[2]" classname="util.ValidadorUtilTest" time="0.001"/>
  <testcase name="validarISBN_DebeRechazarISBNsInvalidos(String)[3]" classname="util.ValidadorUtilTest" time="0.001"/>
  <testcase name="validarISBN_DebeRechazarISBNsInvalidos(String)[4]" classname="util.ValidadorUtilTest" time="0.002"/>
  <testcase name="validarISBN_DebeRechazarISBNsInvalidos(String)[5]" classname="util.ValidadorUtilTest" time="0"/>
  <testcase name="validarISBN_DebeRechazarISBNsInvalidos(String)[6]" classname="util.ValidadorUtilTest" time="0.001"/>
  <testcase name="validarISBN_DebeRechazarISBNsInvalidos(String)[7]" classname="util.ValidadorUtilTest" time="0"/>
  <testcase name="validarTextoNoVacio_DebeRechazarTextosVaciosONulos(String)[1]" classname="util.ValidadorUtilTest" time="0.001"/>
  <testcase name="validarTextoNoVacio_DebeRechazarTextosVaciosONulos(String)[2]" classname="util.ValidadorUtilTest" time="0.001"/>
  <testcase name="validarTextoNoVacio_DebeRechazarTextosVaciosONulos(String)[3]" classname="util.ValidadorUtilTest" time="0"/>
  <testcase name="validarTextoNoVacio_DebeRechazarTextosVaciosONulos(String)[4]" classname="util.ValidadorUtilTest" time="0.002"/>
  <testcase name="validarTextoNoVacio_DebeRechazarTextosVaciosONulos(String)[5]" classname="util.ValidadorUtilTest" time="0.001"/>
  <testcase name="validarNumeroPositivo_DebeRechazarNumerosNoPositivos(int)[1]" classname="util.ValidadorUtilTest" time="0.001"/>
  <testcase name="validarNumeroPositivo_DebeRechazarNumerosNoPositivos(int)[2]" classname="util.ValidadorUtilTest" time="0.001"/>
  <testcase name="validarNumeroPositivo_DebeRechazarNumerosNoPositivos(int)[3]" classname="util.ValidadorUtilTest" time="0.001"/>
  <testcase name="validarNumeroPositivo_DebeRechazarNumerosNoPositivos(int)[4]" classname="util.ValidadorUtilTest" time="0.001"/>
  <testcase name="validarNumeroPositivo_DebeRechazarNumerosNoPositivos(int)[5]" classname="util.ValidadorUtilTest" time="0.001"/>
  <testcase name="validarPrecio_DebeRechazarPreciosNegativos(double)[1]" classname="util.ValidadorUtilTest" time="0.007"/>
  <testcase name="validarPrecio_DebeRechazarPreciosNegativos(double)[2]" classname="util.ValidadorUtilTest" time="0.001"/>
  <testcase name="validarPrecio_DebeRechazarPreciosNegativos(double)[3]" classname="util.ValidadorUtilTest" time="0"/>
  <testcase name="validarPrecio_DebeAceptarPreciosValidos(double)[1]" classname="util.ValidadorUtilTest" time="0.002"/>
  <testcase name="validarPrecio_DebeAceptarPreciosValidos(double)[2]" classname="util.ValidadorUtilTest" time="0.001"/>
  <testcase name="validarPrecio_DebeAceptarPreciosValidos(double)[3]" classname="util.ValidadorUtilTest" time="0"/>
  <testcase name="validarPrecio_DebeAceptarPreciosValidos(double)[4]" classname="util.ValidadorUtilTest" time="0.002"/>
  <testcase name="validarPrecio_DebeAceptarPreciosValidos(double)[5]" classname="util.ValidadorUtilTest" time="0.001"/>
  <testcase name="validarPrecio_DebeAceptarPreciosValidos(double)[6]" classname="util.ValidadorUtilTest" time="0.001"/>
  <testcase name="limpiarTexto_DebeLimpiarEspaciosEnBlanco" classname="util.ValidadorUtilTest" time="0"/>
  <testcase name="validarFechaNoFutura_DebeAceptarFechaPasada" classname="util.ValidadorUtilTest" time="0.001"/>
  <testcase name="limpiarTexto_DebeRetornarCadenaVaciaParaNull" classname="util.ValidadorUtilTest" time="0"/>
</testsuite>