<?xml version="1.0" encoding="UTF-8"?>
<testsuite xmlns:xsi="http://www.w3.org/2001/XMLSchema-instance" xsi:noNamespaceSchemaLocation="https://maven.apache.org/surefire/maven-surefire-plugin/xsd/surefire-test-report-3.0.xsd" version="3.0" name="service.BibliotecaServiceTest$Estadisticas" time="0.014" tests="3" errors="0" skipped="0" failures="0">
  <properties>
[...]
</properties>
  <testcase name="limpiarBiblioteca_DebeEliminarTodosLosLibros" classname="service.BibliotecaServiceTest" time="0.002"/>
  <testcase name="obtenerTotalLibros_DebeRetornarNumeroComorrecto" classname="service.BibliotecaServiceTest$Estadisticas" time="0.002"/>
  <testcase name="obtenerEstadisticas_DebeCalcularEstadisticasCorrectamente" classname="service.BibliotecaServiceTest$Estadisticas" time="0.009"/>
</testsuite>